android/app/build/outputs/logs/manifest-merger-debug-report.txt
-- Merging decision tree log ---
manifest
ADDED from src\main\AndroidManifest.xml:1:1-44:12
INJECTED from src\main\AndroidManifest.xml:1:1-44:12
INJECTED from src\main\AndroidManifest.xml:1:1-44:12
INJECTED from src\main\AndroidManifest.xml:1:1-44:12
MERGED from src\main\AndroidManifest.xml:1:1-44:12
MERGED from [:cloud_firestore] AndroidManifest.xml:2:1-15:12
MERGED from [:cloud_firestore_web] AndroidManifest.xml:2:1-7:12
MERGED from [:firebase_core] AndroidManifest.xml:2:1-15:12
MERGED from [:flutter_vlc_player] AndroidManifest.xml:2:1-7:12
MERGED from [:google_maps_flutter] AndroidManifest.xml:2:1-7:12
MERGED from [:flutter_plugin_android_lifecycle] AndroidManifest.xml:2:1-7:12
MERGED from [:firebase_core_web] AndroidManifest.xml:2:1-7:12
MERGED from [:agora_rtc_engine] AndroidManifest.xml:2:1-23:12
MERGED from [:geolocator] AndroidManifest.xml:2:1-7:12
MERGED from [com.google.firebase:firebase-firestore:23.0.2] AndroidManifest.xml:2:1-26:12
MERGED from [com.google.firebase:firebase-auth-interop:19.0.2] AndroidManifest.xml:2:1-10:12
MERGED from [com.google.firebase:firebase-common:20.0.0] AndroidManifest.xml:15:1-40:12
MERGED from [org.videolan.android:libvlc-all:3.3.2] AndroidManifest.xml:2:1-11:12
MERGED from [androidx.appcompat:appcompat:1.2.0] AndroidManifest.xml:17:1-24:12
MERGED from [androidx.legacy:legacy-support-v4:1.0.0] AndroidManifest.xml:17:1-22:12
MERGED from [com.google.android.gms:play-services-maps:17.0.0] AndroidManifest.xml:17:1-38:12
MERGED from [com.google.android.gms:play-services-location:17.0.0] AndroidManifest.xml:2:1-9:12
MERGED from [com.google.firebase:firebase-database-collection:18.0.0] AndroidManifest.xml:2:1-9:12
MERGED from [com.google.android.gms:play-services-base:17.0.0] AndroidManifest.xml:17:1-29:12
MERGED from [com.google.android.gms:play-services-tasks:17.0.0] AndroidManifest.xml:2:1-9:12
MERGED from [com.google.android.gms:play-services-places-placereport:17.0.0] AndroidManifest.xml:17:1-24:12
MERGED from [com.google.android.gms:play-services-basement:17.0.0] AndroidManifest.xml:17:1-28:12
MERGED from [androidx.fragment:fragment:1.1.0] AndroidManifest.xml:17:1-24:12
MERGED from [androidx.appcompat:appcompat-resources:1.2.0] AndroidManifest.xml:17:1-24:12
MERGED from [androidx.legacy:legacy-support-core-ui:1.0.0] AndroidManifest.xml:17:1-22:12
MERGED from [androidx.drawerlayout:drawerlayout:1.0.0] AndroidManifest.xml:17:1-22:12
MERGED from [androidx.media:media:1.0.0] AndroidManifest.xml:17:1-22:12
MERGED from [androidx.legacy:legacy-support-core-utils:1.0.0] AndroidManifest.xml:17:1-22:12
MERGED from [androidx.viewpager:viewpager:1.0.0] AndroidManifest.xml:17:1-22:12
MERGED from [androidx.loader:loader:1.0.0] AndroidManifest.xml:17:1-22:12
MERGED from [androidx.activity:activity:1.0.0] AndroidManifest.xml:17:1-24:12
MERGED from [androidx.vectordrawable:vectordrawable-animated:1.1.0] AndroidManifest.xml:17:1-24:12
MERGED from [androidx.vectordrawable:vectordrawable:1.1.0] AndroidManifest.xml:17:1-24:12
MERGED from [androidx.coordinatorlayout:coordinatorlayout:1.0.0] AndroidManifest.xml:17:1-22:12
MERGED from [androidx.slidingpanelayout:slidingpanelayout:1.0.0] AndroidManifest.xml:17:1-22:12
MERGED from [androidx.customview:customview:1.0.0] AndroidManifest.xml:17:1-22:12
MERGED from [androidx.swiperefreshlayout:swiperefreshlayout:1.0.0] AndroidManifest.xml:17:1-22:12
MERGED from [androidx.asynclayoutinflater:asynclayoutinflater:1.0.0] AndroidManifest.xml:17:1-22:12
MERGED from [androidx.core:core:1.3.0] AndroidManifest.xml:17:1-26:12
MERGED from [androidx.lifecycle:lifecycle-runtime:2.2.0] AndroidManifest.xml:17:1-24:12
MERGED from [androidx.savedstate:savedstate:1.0.0] AndroidManifest.xml:17:1-24:12
MERGED from [androidx.lifecycle:lifecycle-livedata:2.0.0] AndroidManifest.xml:17:1-22:12
MERGED from [androidx.lifecycle:lifecycle-livedata-core:2.0.0] AndroidManifest.xml:17:1-22:12
MERGED from [com.google.firebase:firebase-components:17.0.0] AndroidManifest.xml:15:1-23:12
MERGED from [androidx.cursoradapter:cursoradapter:1.0.0] AndroidManifest.xml:17:1-22:12
MERGED from [androidx.arch.core:core-runtime:2.0.0] AndroidManifest.xml:17:1-22:12
MERGED from [androidx.versionedparcelable:versionedparcelable:1.1.0] AndroidManifest.xml:17:1-27:12
MERGED from [androidx.documentfile:documentfile:1.0.0] AndroidManifest.xml:17:1-22:12
MERGED from [androidx.localbroadcastmanager:localbroadcastmanager:1.0.0] AndroidManifest.xml:17:1-22:12
MERGED from [androidx.print:print:1.0.0] AndroidManifest.xml:17:1-22:12
MERGED from [androidx.interpolator:interpolator:1.0.0] AndroidManifest.xml:17:1-22:12
MERGED from [androidx.lifecycle:lifecycle-viewmodel:2.1.0] AndroidManifest.xml:17:1-22:12
MERGED from [com.github.agorabuilder:native-full-sdk:3.4.5] AndroidManifest.xml:2:1-11:12
MERGED from [com.google.firebase:protolite-well-known-types:18.0.0] AndroidManifest.xml:2:1-11:12
MERGED from [io.grpc:grpc-android:1.28.0] AndroidManifest.xml:2:1-13:12
INJECTED from src\debug\AndroidManifest.xml:1:1-7:12
INJECTED from src\debug\AndroidManifest.xml:1:1-7:12
INJECTED from src\debug\AndroidManifest.xml:1:1-7:12
	package
		ADDED from src\main\AndroidManifest.xml:2:5-46
		INJECTED from src\main\AndroidManifest.xml
		INJECTED from src\debug\AndroidManifest.xml
	android:versionName
		INJECTED from src\main\AndroidManifest.xml
		ADDED from src\main\AndroidManifest.xml:1:1-44:12
		INJECTED from src\debug\AndroidManifest.xml
	android:versionCode
		INJECTED from src\main\AndroidManifest.xml
		ADDED from src\main\AndroidManifest.xml:1:1-44:12
		INJECTED from src\debug\AndroidManifest.xml
	xmlns:android
		ADDED from src\main\AndroidManifest.xml:1:11-69
application
ADDED from src\main\AndroidManifest.xml:3:4-43:19
MERGED from [:cloud_firestore] AndroidManifest.xml:7:5-13:19
MERGED from [:cloud_firestore] AndroidManifest.xml:7:5-13:19
MERGED from [:firebase_core] AndroidManifest.xml:7:5-13:19
MERGED from [:firebase_core] AndroidManifest.xml:7:5-13:19
MERGED from [com.google.firebase:firebase-firestore:23.0.2] AndroidManifest.xml:16:5-24:19
MERGED from [com.google.firebase:firebase-firestore:23.0.2] AndroidManifest.xml:16:5-24:19
MERGED from [com.google.firebase:firebase-auth-interop:19.0.2] AndroidManifest.xml:7:5-8:19
MERGED from [com.google.firebase:firebase-auth-interop:19.0.2] AndroidManifest.xml:7:5-8:19
MERGED from [com.google.firebase:firebase-common:20.0.0] AndroidManifest.xml:25:5-38:19
MERGED from [com.google.firebase:firebase-common:20.0.0] AndroidManifest.xml:25:5-38:19
MERGED from [com.google.android.gms:play-services-maps:17.0.0] AndroidManifest.xml:30:5-36:19
MERGED from [com.google.android.gms:play-services-maps:17.0.0] AndroidManifest.xml:30:5-36:19
MERGED from [com.google.android.gms:play-services-location:17.0.0] AndroidManifest.xml:7:5-20
MERGED from [com.google.android.gms:play-services-location:17.0.0] AndroidManifest.xml:7:5-20
MERGED from [com.google.android.gms:play-services-base:17.0.0] AndroidManifest.xml:22:5-27:19
MERGED from [com.google.android.gms:play-services-base:17.0.0] AndroidManifest.xml:22:5-27:19
MERGED from [com.google.android.gms:play-services-tasks:17.0.0] AndroidManifest.xml:7:5-20
MERGED from [com.google.android.gms:play-services-tasks:17.0.0] AndroidManifest.xml:7:5-20
MERGED from [com.google.android.gms:play-services-places-placereport:17.0.0] AndroidManifest.xml:22:5-20
MERGED from [com.google.android.gms:play-services-places-placereport:17.0.0] AndroidManifest.xml:22:5-20
MERGED from [com.google.android.gms:play-services-basement:17.0.0] AndroidManifest.xml:22:5-26:19
MERGED from [com.google.android.gms:play-services-basement:17.0.0] AndroidManifest.xml:22:5-26:19
MERGED from [androidx.core:core:1.3.0] AndroidManifest.xml:24:5-89
MERGED from [androidx.core:core:1.3.0] AndroidManifest.xml:24:5-89
MERGED from [androidx.versionedparcelable:versionedparcelable:1.1.0] AndroidManifest.xml:24:5-25:19
MERGED from [androidx.versionedparcelable:versionedparcelable:1.1.0] AndroidManifest.xml:24:5-25:19
	android:appComponentFactory
		ADDED from [androidx.core:core:1.3.0] AndroidManifest.xml:24:18-86
	android:label
		ADDED from src\main\AndroidManifest.xml:4:9-44
	android:icon
		ADDED from src\main\AndroidManifest.xml:5:9-43
activity#com.example.netflix_application.MainActivity
ADDED from src\main\AndroidManifest.xml:6:9-34:20
	android:launchMode
		ADDED from src\main\AndroidManifest.xml:8:13-43
	android:hardwareAccelerated
		ADDED from src\main\AndroidManifest.xml:11:13-47
	android:windowSoftInputMode
		ADDED from src\main\AndroidManifest.xml:12:13-55
	android:configChanges
		ADDED from src\main\AndroidManifest.xml:10:13-163
	android:theme
		ADDED from src\main\AndroidManifest.xml:9:13-47
	android:name
		ADDED from src\main\AndroidManifest.xml:7:13-41
meta-data#io.flutter.embedding.android.NormalTheme
ADDED from src\main\AndroidManifest.xml:17:13-20:17
	android:resource
		ADDED from src\main\AndroidManifest.xml:19:15-52
	android:name
		ADDED from src\main\AndroidManifest.xml:18:15-70
meta-data#io.flutter.embedding.android.SplashScreenDrawable
ADDED from src\main\AndroidManifest.xml:26:13-29:17
	android:resource
		ADDED from src\main\AndroidManifest.xml:28:15-61
	android:name
		ADDED from src\main\AndroidManifest.xml:27:15-79
intent-filter#action:name:android.intent.action.MAIN+category:name:android.intent.category.LAUNCHER
ADDED from src\main\AndroidManifest.xml:30:13-33:29
action#android.intent.action.MAIN
ADDED from src\main\AndroidManifest.xml:31:17-68
	android:name
		ADDED from src\main\AndroidManifest.xml:31:25-66
category#android.intent.category.LAUNCHER
ADDED from src\main\AndroidManifest.xml:32:17-76
	android:name
		ADDED from src\main\AndroidManifest.xml:32:27-74
meta-data#flutterEmbedding
ADDED from src\main\AndroidManifest.xml:37:9-39:33
	android:value
		ADDED from src\main\AndroidManifest.xml:39:13-30
	android:name
		ADDED from src\main\AndroidManifest.xml:38:13-44
meta-data#com.google.android.geo.API_KEY
ADDED from src\main\AndroidManifest.xml:40:9-42:71
	android:value
		ADDED from src\main\AndroidManifest.xml:42:13-68
	android:name
		ADDED from src\main\AndroidManifest.xml:41:13-58
uses-sdk
INJECTED from src\main\AndroidManifest.xml reason: use-sdk injection requested
INJECTED from src\main\AndroidManifest.xml
INJECTED from src\main\AndroidManifest.xml
MERGED from [:cloud_firestore] AndroidManifest.xml:5:5-44
MERGED from [:cloud_firestore] AndroidManifest.xml:5:5-44
MERGED from [:cloud_firestore_web] AndroidManifest.xml:5:5-44
MERGED from [:cloud_firestore_web] AndroidManifest.xml:5:5-44
MERGED from [:firebase_core] AndroidManifest.xml:5:5-44
MERGED from [:firebase_core] AndroidManifest.xml:5:5-44
MERGED from [:flutter_vlc_player] AndroidManifest.xml:5:5-44
MERGED from [:flutter_vlc_player] AndroidManifest.xml:5:5-44
MERGED from [:google_maps_flutter] AndroidManifest.xml:5:5-44
MERGED from [:google_maps_flutter] AndroidManifest.xml:5:5-44
MERGED from [:flutter_plugin_android_lifecycle] AndroidManifest.xml:5:5-44
MERGED from [:flutter_plugin_android_lifecycle] AndroidManifest.xml:5:5-44
MERGED from [:firebase_core_web] AndroidManifest.xml:5:5-44
MERGED from [:firebase_core_web] AndroidManifest.xml:5:5-44
MERGED from [:agora_rtc_engine] AndroidManifest.xml:6:5-8:41
MERGED from [:agora_rtc_engine] AndroidManifest.xml:6:5-8:41
MERGED from [:geolocator] AndroidManifest.xml:5:5-44
MERGED from [:geolocator] AndroidManifest.xml:5:5-44
MERGED from [com.google.firebase:firebase-firestore:23.0.2] AndroidManifest.xml:7:5-9:41
MERGED from [com.google.firebase:firebase-firestore:23.0.2] AndroidManifest.xml:7:5-9:41
MERGED from [com.google.firebase:firebase-auth-interop:19.0.2] AndroidManifest.xml:5:5-44
MERGED from [com.google.firebase:firebase-auth-interop:19.0.2] AndroidManifest.xml:5:5-44
MERGED from [com.google.firebase:firebase-common:20.0.0] AndroidManifest.xml:20:5-22:41
MERGED from [com.google.firebase:firebase-common:20.0.0] AndroidManifest.xml:20:5-22:41
MERGED from [org.videolan.android:libvlc-all:3.3.2] AndroidManifest.xml:7:5-9:41
MERGED from [org.videolan.android:libvlc-all:3.3.2] AndroidManifest.xml:7:5-9:41
MERGED from [androidx.appcompat:appcompat:1.2.0] AndroidManifest.xml:20:5-22:41
MERGED from [androidx.appcompat:appcompat:1.2.0] AndroidManifest.xml:20:5-22:41
MERGED from [androidx.legacy:legacy-support-v4:1.0.0] AndroidManifest.xml:20:5-44
MERGED from [androidx.legacy:legacy-support-v4:1.0.0] AndroidManifest.xml:20:5-44
MERGED from [com.google.android.gms:play-services-maps:17.0.0] AndroidManifest.xml:20:5-44
MERGED from [com.google.android.gms:play-services-maps:17.0.0] AndroidManifest.xml:20:5-44
MERGED from [com.google.android.gms:play-services-location:17.0.0] AndroidManifest.xml:5:5-44
MERGED from [com.google.android.gms:play-services-location:17.0.0] AndroidManifest.xml:5:5-44
MERGED from [com.google.firebase:firebase-database-collection:18.0.0] AndroidManifest.xml:5:5-7:41
MERGED from [com.google.firebase:firebase-database-collection:18.0.0] AndroidManifest.xml:5:5-7:41
MERGED from [com.google.android.gms:play-services-base:17.0.0] AndroidManifest.xml:20:5-44
MERGED from [com.google.android.gms:play-services-base:17.0.0] AndroidManifest.xml:20:5-44
MERGED from [com.google.android.gms:play-services-tasks:17.0.0] AndroidManifest.xml:5:5-44
MERGED from [com.google.android.gms:play-services-tasks:17.0.0] AndroidManifest.xml:5:5-44
MERGED from [com.google.android.gms:play-services-places-placereport:17.0.0] AndroidManifest.xml:20:5-44
MERGED from [com.google.android.gms:play-services-places-placereport:17.0.0] AndroidManifest.xml:20:5-44
MERGED from [com.google.android.gms:play-services-basement:17.0.0] AndroidManifest.xml:20:5-44
MERGED from [com.google.android.gms:play-services-basement:17.0.0] AndroidManifest.xml:20:5-44
MERGED from [androidx.fragment:fragment:1.1.0] AndroidManifest.xml:20:5-22:41
MERGED from [androidx.fragment:fragment:1.1.0] AndroidManifest.xml:20:5-22:41
MERGED from [androidx.appcompat:appcompat-resources:1.2.0] AndroidManifest.xml:20:5-22:41
MERGED from [androidx.appcompat:appcompat-resources:1.2.0] AndroidManifest.xml:20:5-22:41
MERGED from [androidx.legacy:legacy-support-core-ui:1.0.0] AndroidManifest.xml:20:5-44
MERGED from [androidx.legacy:legacy-support-core-ui:1.0.0] AndroidManifest.xml:20:5-44
MERGED from [androidx.drawerlayout:drawerlayout:1.0.0] AndroidManifest.xml:20:5-44
MERGED from [androidx.drawerlayout:drawerlayout:1.0.0] AndroidManifest.xml:20:5-44
MERGED from [androidx.media:media:1.0.0] AndroidManifest.xml:20:5-44
MERGED from [androidx.media:media:1.0.0] AndroidManifest.xml:20:5-44
MERGED from [androidx.legacy:legacy-support-core-utils:1.0.0] AndroidManifest.xml:20:5-44
MERGED from [androidx.legacy:legacy-support-core-utils:1.0.0] AndroidManifest.xml:20:5-44
MERGED from [androidx.viewpager:viewpager:1.0.0] AndroidManifest.xml:20:5-44
MERGED from [androidx.viewpager:viewpager:1.0.0] AndroidManifest.xml:20:5-44
MERGED from [androidx.loader:loader:1.0.0] AndroidManifest.xml:20:5-44
MERGED from [androidx.loader:loader:1.0.0] AndroidManifest.xml:20:5-44
MERGED from [androidx.activity:activity:1.0.0] AndroidManifest.xml:20:5-22:41
MERGED from [androidx.activity:activity:1.0.0] AndroidManifest.xml:20:5-22:41
MERGED from [androidx.vectordrawable:vectordrawable-animated:1.1.0] AndroidManifest.xml:20:5-22:41
MERGED from [androidx.vectordrawable:vectordrawable-animated:1.1.0] AndroidManifest.xml:20:5-22:41
MERGED from [androidx.vectordrawable:vectordrawable:1.1.0] AndroidManifest.xml:20:5-22:41
MERGED from [androidx.vectordrawable:vectordrawable:1.1.0] AndroidManifest.xml:20:5-22:41
MERGED from [androidx.coordinatorlayout:coordinatorlayout:1.0.0] AndroidManifest.xml:20:5-44
MERGED from [androidx.coordinatorlayout:coordinatorlayout:1.0.0] AndroidManifest.xml:20:5-44
MERGED from [androidx.slidingpanelayout:slidingpanelayout:1.0.0] AndroidManifest.xml:20:5-44
MERGED from [androidx.slidingpanelayout:slidingpanelayout:1.0.0] AndroidManifest.xml:20:5-44
MERGED from [androidx.customview:customview:1.0.0] AndroidManifest.xml:20:5-44
MERGED from [androidx.customview:customview:1.0.0] AndroidManifest.xml:20:5-44
MERGED from [androidx.swiperefreshlayout:swiperefreshlayout:1.0.0] AndroidManifest.xml:20:5-44
MERGED from [androidx.swiperefreshlayout:swiperefreshlayout:1.0.0] AndroidManifest.xml:20:5-44
MERGED from [androidx.asynclayoutinflater:asynclayoutinflater:1.0.0] AndroidManifest.xml:20:5-44
MERGED from [androidx.asynclayoutinflater:asynclayoutinflater:1.0.0] AndroidManifest.xml:20:5-44
MERGED from [androidx.core:core:1.3.0] AndroidManifest.xml:20:5-22:41
MERGED from [androidx.core:core:1.3.0] AndroidManifest.xml:20:5-22:41
MERGED from [androidx.lifecycle:lifecycle-runtime:2.2.0] AndroidManifest.xml:20:5-22:41
MERGED from [androidx.lifecycle:lifecycle-runtime:2.2.0] AndroidManifest.xml:20:5-22:41
MERGED from [androidx.savedstate:savedstate:1.0.0] AndroidManifest.xml:20:5-22:41
MERGED from [androidx.savedstate:savedstate:1.0.0] AndroidManifest.xml:20:5-22:41
MERGED from [androidx.lifecycle:lifecycle-livedata:2.0.0] AndroidManifest.xml:20:5-44
MERGED from [androidx.lifecycle:lifecycle-livedata:2.0.0] AndroidManifest.xml:20:5-44
MERGED from [androidx.lifecycle:lifecycle-livedata-core:2.0.0] AndroidManifest.xml:20:5-44
MERGED from [androidx.lifecycle:lifecycle-livedata-core:2.0.0] AndroidManifest.xml:20:5-44
MERGED from [com.google.firebase:firebase-components:17.0.0] AndroidManifest.xml:19:5-21:41
MERGED from [com.google.firebase:firebase-components:17.0.0] AndroidManifest.xml:19:5-21:41
MERGED from [androidx.cursoradapter:cursoradapter:1.0.0] AndroidManifest.xml:20:5-44
MERGED from [androidx.cursoradapter:cursoradapter:1.0.0] AndroidManifest.xml:20:5-44
MERGED from [androidx.arch.core:core-runtime:2.0.0] AndroidManifest.xml:20:5-44
MERGED from [androidx.arch.core:core-runtime:2.0.0] AndroidManifest.xml:20:5-44
MERGED from [androidx.versionedparcelable:versionedparcelable:1.1.0] AndroidManifest.xml:20:5-22:41
MERGED from [androidx.versionedparcelable:versionedparcelable:1.1.0] AndroidManifest.xml:20:5-22:41
MERGED from [androidx.documentfile:documentfile:1.0.0] AndroidManifest.xml:20:5-44
MERGED from [androidx.documentfile:documentfile:1.0.0] AndroidManifest.xml:20:5-44
MERGED from [androidx.localbroadcastmanager:localbroadcastmanager:1.0.0] AndroidManifest.xml:20:5-44
MERGED from [androidx.localbroadcastmanager:localbroadcastmanager:1.0.0] AndroidManifest.xml:20:5-44
MERGED from [androidx.print:print:1.0.0] AndroidManifest.xml:20:5-44
MERGED from [androidx.print:print:1.0.0] AndroidManifest.xml:20:5-44
MERGED from [androidx.interpolator:interpolator:1.0.0] AndroidManifest.xml:20:5-44
MERGED from [androidx.interpolator:interpolator:1.0.0] AndroidManifest.xml:20:5-44
MERGED from [androidx.lifecycle:lifecycle-viewmodel:2.1.0] AndroidManifest.xml:20:5-44
MERGED from [androidx.lifecycle:lifecycle-viewmodel:2.1.0] AndroidManifest.xml:20:5-44
MERGED from [com.github.agorabuilder:native-full-sdk:3.4.5] AndroidManifest.xml:7:5-9:41
MERGED from [com.github.agorabuilder:native-full-sdk:3.4.5] AndroidManifest.xml:7:5-9:41
MERGED from [com.google.firebase:protolite-well-known-types:18.0.0] AndroidManifest.xml:7:5-9:41
MERGED from [com.google.firebase:protolite-well-known-types:18.0.0] AndroidManifest.xml:7:5-9:41
MERGED from [io.grpc:grpc-android:1.28.0] AndroidManifest.xml:7:5-9:41
MERGED from [io.grpc:grpc-android:1.28.0] AndroidManifest.xml:7:5-9:41
INJECTED from src\debug\AndroidManifest.xml
INJECTED from src\debug\AndroidManifest.xml
	android:targetSdkVersion
		INJECTED from src\main\AndroidManifest.xml
		INJECTED from src\debug\AndroidManifest.xml
	android:minSdkVersion
		INJECTED from src\main\AndroidManifest.xml
		INJECTED from src\debug\AndroidManifest.xml
uses-permission#android.permission.INTERNET
ADDED from src\debug\AndroidManifest.xml:6:5-66
MERGED from [:agora_rtc_engine] AndroidManifest.xml:11:5-67
MERGED from [:agora_rtc_engine] AndroidManifest.xml:11:5-67
MERGED from [com.google.firebase:firebase-firestore:23.0.2] AndroidManifest.xml:14:5-67
MERGED from [com.google.firebase:firebase-firestore:23.0.2] AndroidManifest.xml:14:5-67
MERGED from [com.google.android.gms:play-services-maps:17.0.0] AndroidManifest.xml:24:5-67
MERGED from [com.google.android.gms:play-services-maps:17.0.0] AndroidManifest.xml:24:5-67
	android:name
		ADDED from src\debug\AndroidManifest.xml:6:22-64
service#com.google.firebase.components.ComponentDiscoveryService
ADDED from [:cloud_firestore] AndroidManifest.xml:8:9-12:19
MERGED from [:firebase_core] AndroidManifest.xml:8:9-12:19
MERGED from [:firebase_core] AndroidManifest.xml:8:9-12:19
MERGED from [com.google.firebase:firebase-firestore:23.0.2] AndroidManifest.xml:17:9-23:19
MERGED from [com.google.firebase:firebase-firestore:23.0.2] AndroidManifest.xml:17:9-23:19
MERGED from [com.google.firebase:firebase-common:20.0.0] AndroidManifest.xml:33:9-37:35
MERGED from [com.google.firebase:firebase-common:20.0.0] AndroidManifest.xml:33:9-37:35
	android:exported
		ADDED from [com.google.firebase:firebase-firestore:23.0.2] AndroidManifest.xml:19:13-37
	tools:targetApi
		ADDED from [com.google.firebase:firebase-common:20.0.0] AndroidManifest.xml:37:13-32
	android:directBootAware
		ADDED from [com.google.firebase:firebase-common:20.0.0] AndroidManifest.xml:35:13-43
	android:name
		ADDED from [:cloud_firestore] AndroidManifest.xml:8:18-89
meta-data#com.google.firebase.components:io.flutter.plugins.firebase.cloudfirestore.FlutterFirebaseAppRegistrar
ADDED from [:cloud_firestore] AndroidManifest.xml:9:13-11:85
	android:value
		ADDED from [:cloud_firestore] AndroidManifest.xml:11:17-82
	android:name
		ADDED from [:cloud_firestore] AndroidManifest.xml:10:17-133
meta-data#com.google.firebase.components:io.flutter.plugins.firebase.core.FlutterFirebaseAppRegistrar
ADDED from [:firebase_core] AndroidManifest.xml:9:13-11:85
	android:value
		ADDED from [:firebase_core] AndroidManifest.xml:11:17-82
	android:name
		ADDED from [:firebase_core] AndroidManifest.xml:10:17-123
uses-permission#android.permission.READ_PHONE_STATE
ADDED from [:agora_rtc_engine] AndroidManifest.xml:10:5-75
	android:name
		ADDED from [:agora_rtc_engine] AndroidManifest.xml:10:22-72
uses-permission#android.permission.RECORD_AUDIO
ADDED from [:agora_rtc_engine] AndroidManifest.xml:12:5-71
	android:name
		ADDED from [:agora_rtc_engine] AndroidManifest.xml:12:22-68
uses-permission#android.permission.CAMERA
ADDED from [:agora_rtc_engine] AndroidManifest.xml:13:5-65
	android:name
		ADDED from [:agora_rtc_engine] AndroidManifest.xml:13:22-62
uses-permission#android.permission.MODIFY_AUDIO_SETTINGS
ADDED from [:agora_rtc_engine] AndroidManifest.xml:14:5-80
	android:name
		ADDED from [:agora_rtc_engine] AndroidManifest.xml:14:22-77
uses-permission#android.permission.ACCESS_NETWORK_STATE
ADDED from [:agora_rtc_engine] AndroidManifest.xml:15:5-79
MERGED from [com.google.firebase:firebase-firestore:23.0.2] AndroidManifest.xml:13:5-79
MERGED from [com.google.firebase:firebase-firestore:23.0.2] AndroidManifest.xml:13:5-79
MERGED from [com.google.android.gms:play-services-maps:17.0.0] AndroidManifest.xml:23:5-79
MERGED from [com.google.android.gms:play-services-maps:17.0.0] AndroidManifest.xml:23:5-79
MERGED from [io.grpc:grpc-android:1.28.0] AndroidManifest.xml:11:5-79
MERGED from [io.grpc:grpc-android:1.28.0] AndroidManifest.xml:11:5-79
	android:name
		ADDED from [:agora_rtc_engine] AndroidManifest.xml:15:22-76
uses-permission#android.permission.BLUETOOTH
ADDED from [:agora_rtc_engine] AndroidManifest.xml:16:5-68
	android:name
		ADDED from [:agora_rtc_engine] AndroidManifest.xml:16:22-65
uses-permission#android.permission.ACCESS_WIFI_STATE
ADDED from [:agora_rtc_engine] AndroidManifest.xml:17:5-76
	android:name
		ADDED from [:agora_rtc_engine] AndroidManifest.xml:17:22-73
uses-permission#android.permission.READ_EXTERNAL_STORAGE
ADDED from [:agora_rtc_engine] AndroidManifest.xml:18:5-80
	android:name
		ADDED from [:agora_rtc_engine] AndroidManifest.xml:18:22-77
uses-permission#android.permission.READ_PRIVILEGED_PHONE_STATE
ADDED from [:agora_rtc_engine] AndroidManifest.xml:19:5-21:47
	tools:ignore
		ADDED from [:agora_rtc_engine] AndroidManifest.xml:21:9-44
	android:name
		ADDED from [:agora_rtc_engine] AndroidManifest.xml:20:9-70
meta-data#com.google.firebase.components:com.google.firebase.firestore.FirestoreRegistrar
ADDED from [com.google.firebase:firebase-firestore:23.0.2] AndroidManifest.xml:20:13-22:85
	android:value
		ADDED from [com.google.firebase:firebase-firestore:23.0.2] AndroidManifest.xml:22:17-82
	android:name
		ADDED from [com.google.firebase:firebase-firestore:23.0.2] AndroidManifest.xml:21:17-111
provider#com.google.firebase.provider.FirebaseInitProvider
ADDED from [com.google.firebase:firebase-common:20.0.0] AndroidManifest.xml:26:9-31:39
	android:authorities
		ADDED from [com.google.firebase:firebase-common:20.0.0] AndroidManifest.xml:28:13-72
	android:exported
		ADDED from [com.google.firebase:firebase-common:20.0.0] AndroidManifest.xml:30:13-37
	android:directBootAware
		ADDED from [com.google.firebase:firebase-common:20.0.0] AndroidManifest.xml:29:13-43
	android:initOrder
		ADDED from [com.google.firebase:firebase-common:20.0.0] AndroidManifest.xml:31:13-36
	android:name
		ADDED from [com.google.firebase:firebase-common:20.0.0] AndroidManifest.xml:27:13-77
uses-feature#0x00020000
ADDED from [com.google.android.gms:play-services-maps:17.0.0] AndroidManifest.xml:26:5-28:35
	android:glEsVersion
		ADDED from [com.google.android.gms:play-services-maps:17.0.0] AndroidManifest.xml:27:9-41
	android:required
		ADDED from [com.google.android.gms:play-services-maps:17.0.0] AndroidManifest.xml:28:9-32
uses-library#org.apache.http.legacy
ADDED from [com.google.android.gms:play-services-maps:17.0.0] AndroidManifest.xml:33:9-35:40
	android:required
		ADDED from [com.google.android.gms:play-services-maps:17.0.0] AndroidManifest.xml:35:13-37
	android:name
		ADDED from [com.google.android.gms:play-services-maps:17.0.0] AndroidManifest.xml:34:13-50
activity#com.google.android.gms.common.api.GoogleApiActivity
ADDED from [com.google.android.gms:play-services-base:17.0.0] AndroidManifest.xml:23:9-26:75
	android:exported
		ADDED from [com.google.android.gms:play-services-base:17.0.0] AndroidManifest.xml:25:13-37
	android:theme
		ADDED from [com.google.android.gms:play-services-base:17.0.0] AndroidManifest.xml:26:13-72
	android:name
		ADDED from [com.google.android.gms:play-services-base:17.0.0] AndroidManifest.xml:24:13-79
meta-data#com.google.android.gms.version
ADDED from [com.google.android.gms:play-services-basement:17.0.0] AndroidManifest.xml:23:9-25:69
	android:value
		ADDED from [com.google.android.gms:play-services-basement:17.0.0] AndroidManifest.xml:25:13-66
	android:name
		ADDED from [com.google.android.gms:play-services-basement:17.0.0] AndroidManifest.xml:24:13-58